0 info it worked if it ends with ok
1 verbose cli [ '/usr/local/bin/node',
1 verbose cli   '/usr/local/bin/npm',
1 verbose cli   'install',
1 verbose cli   'bower_components' ]
2 info using npm@1.3.21
3 info using node@v0.10.24
4 warn package.json captcha@0.0.4 No repository field.
5 warn package.json crypto@0.0.3 crypto is also the name of a node core module.
6 warn package.json http-proxy@1.0.1 No repository field.
7 verbose readDependencies using package.json deps
8 verbose cache add [ 'bower_components', null ]
9 verbose cache add name=undefined spec="bower_components" args=["bower_components",null]
10 verbose parsed url { protocol: null,
10 verbose parsed url   slashes: null,
10 verbose parsed url   auth: null,
10 verbose parsed url   host: null,
10 verbose parsed url   port: null,
10 verbose parsed url   hostname: null,
10 verbose parsed url   hash: null,
10 verbose parsed url   search: null,
10 verbose parsed url   query: null,
10 verbose parsed url   pathname: 'bower_components',
10 verbose parsed url   path: 'bower_components',
10 verbose parsed url   href: 'bower_components' }
11 silly lockFile b3be17ec-bower-components bower_components
12 verbose lock bower_components /home/ec2-user/.npm/b3be17ec-bower-components.lock
13 silly lockFile b3be17ec-bower-components bower_components
14 silly lockFile b3be17ec-bower-components bower_components
15 verbose addNamed [ 'bower_components', '' ]
16 verbose addNamed [ null, '*' ]
17 silly lockFile 7c51d587-bower-components bower_components@
18 verbose lock bower_components@ /home/ec2-user/.npm/7c51d587-bower-components.lock
19 silly addNameRange { name: 'bower_components', range: '*', hasData: false }
20 verbose url raw bower_components
21 verbose url resolving [ 'https://registry.npmjs.org/', './bower_components' ]
22 verbose url resolved https://registry.npmjs.org/bower_components
23 info trying registry request attempt 1 at 23:03:20
24 http GET https://registry.npmjs.org/bower_components
25 http 404 https://registry.npmjs.org/bower_components
26 silly registry.get cb [ 404,
26 silly registry.get   { date: 'Mon, 03 Feb 2014 04:03:35 GMT',
26 silly registry.get     server: 'CouchDB/1.5.0 (Erlang OTP/R16B)',
26 silly registry.get     'content-type': 'application/json',
26 silly registry.get     'cache-control': 'max-age=0',
26 silly registry.get     'content-length': '52',
26 silly registry.get     'accept-ranges': 'bytes',
26 silly registry.get     via: '1.1 varnish',
26 silly registry.get     age: '0',
26 silly registry.get     'x-served-by': 'cache-v42-ASH',
26 silly registry.get     'x-cache': 'MISS',
26 silly registry.get     'x-cache-hits': '0',
26 silly registry.get     'x-timer': 'S1391400215.841171503,VS0,VE24',
26 silly registry.get     'keep-alive': 'timeout=10, max=50',
26 silly registry.get     connection: 'Keep-Alive' } ]
27 silly lockFile 7c51d587-bower-components bower_components@
28 silly lockFile 7c51d587-bower-components bower_components@
29 error 404 'bower_components' is not in the npm registry.
29 error 404 You should bug the author to publish it
29 error 404
29 error 404 Note that you can also install from a
29 error 404 tarball, folder, or http url, or git url.
30 error System Linux 2.6.32-431.3.1.el6.x86_64
31 error command "/usr/local/bin/node" "/usr/local/bin/npm" "install" "bower_components"
32 error cwd /srv/node-srv/livechan
33 error node -v v0.10.24
34 error npm -v 1.3.21
35 error code E404
36 verbose exit [ 1, true ]
